{
  "/Users/epifanovmd/dev/react-vite/src/shared/lib/holders/base/base-holder.ts": {
    "path": "/Users/epifanovmd/dev/react-vite/src/shared/lib/holders/base/base-holder.ts",
    "statementMap": {
      "0": {
        "start": { "line": 10, "column": 11 },
        "end": { "line": 10, "column": null }
      },
      "1": {
        "start": { "line": 11, "column": 25 },
        "end": { "line": 11, "column": null }
      },
      "2": {
        "start": { "line": 13, "column": 55 },
        "end": { "line": 13, "column": null }
      },
      "3": {
        "start": { "line": 16, "column": 4 },
        "end": { "line": 30, "column": null }
      },
      "4": {
        "start": { "line": 34, "column": 4 },
        "end": { "line": 34, "column": null }
      },
      "5": {
        "start": { "line": 38, "column": 4 },
        "end": { "line": 38, "column": null }
      },
      "6": {
        "start": { "line": 42, "column": 4 },
        "end": { "line": 42, "column": null }
      },
      "7": {
        "start": { "line": 46, "column": 4 },
        "end": { "line": 48, "column": null }
      },
      "8": {
        "start": { "line": 53, "column": 4 },
        "end": { "line": 53, "column": null }
      },
      "9": {
        "start": { "line": 57, "column": 4 },
        "end": { "line": 57, "column": null }
      },
      "10": {
        "start": { "line": 61, "column": 4 },
        "end": { "line": 61, "column": null }
      },
      "11": {
        "start": { "line": 62, "column": 4 },
        "end": { "line": 62, "column": null }
      },
      "12": {
        "start": { "line": 66, "column": 4 },
        "end": { "line": 66, "column": null }
      },
      "13": {
        "start": { "line": 67, "column": 4 },
        "end": { "line": 67, "column": null }
      },
      "14": {
        "start": { "line": 71, "column": 4 },
        "end": { "line": 71, "column": null }
      },
      "15": {
        "start": { "line": 72, "column": 4 },
        "end": { "line": 75, "column": null }
      }
    },
    "fnMap": {
      "0": {
        "name": "constructor",
        "decl": {
          "start": { "line": 15, "column": 2 },
          "end": { "line": 15, "column": 16 }
        },
        "loc": {
          "start": { "line": 15, "column": 16 },
          "end": { "line": 31, "column": null }
        },
        "line": 15
      },
      "1": {
        "name": "isIdle",
        "decl": {
          "start": { "line": 33, "column": 6 },
          "end": { "line": 33, "column": 15 }
        },
        "loc": {
          "start": { "line": 33, "column": 15 },
          "end": { "line": 35, "column": null }
        },
        "line": 33
      },
      "2": {
        "name": "isLoading",
        "decl": {
          "start": { "line": 37, "column": 6 },
          "end": { "line": 37, "column": 18 }
        },
        "loc": {
          "start": { "line": 37, "column": 18 },
          "end": { "line": 39, "column": null }
        },
        "line": 37
      },
      "3": {
        "name": "isRefreshing",
        "decl": {
          "start": { "line": 41, "column": 6 },
          "end": { "line": 41, "column": 21 }
        },
        "loc": {
          "start": { "line": 41, "column": 21 },
          "end": { "line": 43, "column": null }
        },
        "line": 41
      },
      "4": {
        "name": "isBusy",
        "decl": {
          "start": { "line": 45, "column": 6 },
          "end": { "line": 45, "column": 15 }
        },
        "loc": {
          "start": { "line": 45, "column": 15 },
          "end": { "line": 50, "column": null }
        },
        "line": 45
      },
      "5": {
        "name": "isSuccess",
        "decl": {
          "start": { "line": 52, "column": 6 },
          "end": { "line": 52, "column": 18 }
        },
        "loc": {
          "start": { "line": 52, "column": 18 },
          "end": { "line": 54, "column": null }
        },
        "line": 52
      },
      "6": {
        "name": "isError",
        "decl": {
          "start": { "line": 56, "column": 6 },
          "end": { "line": 56, "column": 16 }
        },
        "loc": {
          "start": { "line": 56, "column": 16 },
          "end": { "line": 58, "column": null }
        },
        "line": 56
      },
      "7": {
        "name": "setLoading",
        "decl": {
          "start": { "line": 60, "column": 2 },
          "end": { "line": 60, "column": 15 }
        },
        "loc": {
          "start": { "line": 60, "column": 15 },
          "end": { "line": 63, "column": null }
        },
        "line": 60
      },
      "8": {
        "name": "setRefreshing",
        "decl": {
          "start": { "line": 65, "column": 2 },
          "end": { "line": 65, "column": 18 }
        },
        "loc": {
          "start": { "line": 65, "column": 18 },
          "end": { "line": 68, "column": null }
        },
        "line": 65
      },
      "9": {
        "name": "setError",
        "decl": {
          "start": { "line": 70, "column": 2 },
          "end": { "line": 70, "column": 11 }
        },
        "loc": {
          "start": { "line": 70, "column": 50 },
          "end": { "line": 76, "column": null }
        },
        "line": 70
      }
    },
    "branchMap": {
      "0": {
        "loc": {
          "start": { "line": 47, "column": 6 },
          "end": { "line": 48, "column": null }
        },
        "type": "binary-expr",
        "locations": [
          {
            "start": { "line": 47, "column": 6 },
            "end": { "line": 47, "column": null }
          },
          {
            "start": { "line": 48, "column": 6 },
            "end": { "line": 48, "column": null }
          }
        ],
        "line": 47
      },
      "1": {
        "loc": {
          "start": { "line": 73, "column": 6 },
          "end": { "line": 75, "column": null }
        },
        "type": "cond-expr",
        "locations": [
          {
            "start": { "line": 74, "column": 11 },
            "end": { "line": 74, "column": null }
          },
          {
            "start": { "line": 75, "column": 11 },
            "end": { "line": 75, "column": null }
          }
        ],
        "line": 73
      }
    },
    "s": {
      "0": 73,
      "1": 73,
      "2": 73,
      "3": 73,
      "4": 17,
      "5": 7,
      "6": 6,
      "7": 12,
      "8": 18,
      "9": 9,
      "10": 72,
      "11": 72,
      "12": 23,
      "13": 23,
      "14": 19,
      "15": 19
    },
    "f": {
      "0": 73,
      "1": 17,
      "2": 7,
      "3": 6,
      "4": 12,
      "5": 18,
      "6": 9,
      "7": 72,
      "8": 23,
      "9": 19
    },
    "b": { "0": [12, 10], "1": [2, 17] },
    "meta": {
      "lastBranch": 2,
      "lastFunction": 10,
      "lastStatement": 16,
      "seen": {
        "s:10:11:10:Infinity": 0,
        "s:11:25:11:Infinity": 1,
        "s:13:55:13:Infinity": 2,
        "f:15:2:15:16": 0,
        "s:16:4:30:Infinity": 3,
        "f:33:6:33:15": 1,
        "s:34:4:34:Infinity": 4,
        "f:37:6:37:18": 2,
        "s:38:4:38:Infinity": 5,
        "f:41:6:41:21": 3,
        "s:42:4:42:Infinity": 6,
        "f:45:6:45:15": 4,
        "s:46:4:48:Infinity": 7,
        "b:47:6:47:Infinity:48:6:48:Infinity": 0,
        "f:52:6:52:18": 5,
        "s:53:4:53:Infinity": 8,
        "f:56:6:56:16": 6,
        "s:57:4:57:Infinity": 9,
        "f:60:2:60:15": 7,
        "s:61:4:61:Infinity": 10,
        "s:62:4:62:Infinity": 11,
        "f:65:2:65:18": 8,
        "s:66:4:66:Infinity": 12,
        "s:67:4:67:Infinity": 13,
        "f:70:2:70:11": 9,
        "s:71:4:71:Infinity": 14,
        "s:72:4:75:Infinity": 15,
        "b:74:11:74:Infinity:75:11:75:Infinity": 1
      },
      "fnNames": {}
    }
  },
  "/Users/epifanovmd/dev/react-vite/src/shared/lib/holders/base/base-list-holder.ts": {
    "path": "/Users/epifanovmd/dev/react-vite/src/shared/lib/holders/base/base-list-holder.ts",
    "statementMap": {
      "0": {
        "start": { "line": 10, "column": 19 },
        "end": { "line": 10, "column": null }
      },
      "1": {
        "start": { "line": 15, "column": 4 },
        "end": { "line": 15, "column": null }
      },
      "2": {
        "start": { "line": 16, "column": 4 },
        "end": { "line": 16, "column": null }
      },
      "3": {
        "start": { "line": 18, "column": 4 },
        "end": { "line": 26, "column": null }
      },
      "4": {
        "start": { "line": 30, "column": 4 },
        "end": { "line": 30, "column": null }
      },
      "5": {
        "start": { "line": 34, "column": 4 },
        "end": { "line": 34, "column": null }
      },
      "6": {
        "start": { "line": 47, "column": 15 },
        "end": { "line": 47, "column": null }
      },
      "7": {
        "start": { "line": 49, "column": 4 },
        "end": { "line": 49, "column": null }
      },
      "8": {
        "start": { "line": 49, "column": 41 },
        "end": { "line": 49, "column": 67 }
      },
      "9": {
        "start": { "line": 56, "column": 15 },
        "end": { "line": 56, "column": null }
      },
      "10": {
        "start": { "line": 58, "column": 4 },
        "end": { "line": 62, "column": null }
      },
      "11": {
        "start": { "line": 59, "column": 6 },
        "end": { "line": 59, "column": null }
      },
      "12": {
        "start": { "line": 59, "column": 40 },
        "end": { "line": 59, "column": 57 }
      },
      "13": {
        "start": { "line": 61, "column": 6 },
        "end": { "line": 61, "column": null }
      },
      "14": {
        "start": { "line": 69, "column": 4 },
        "end": { "line": 71, "column": null }
      },
      "15": {
        "start": { "line": 70, "column": 6 },
        "end": { "line": 70, "column": null }
      },
      "16": {
        "start": { "line": 78, "column": 4 },
        "end": { "line": 80, "column": null }
      },
      "17": {
        "start": { "line": 79, "column": 6 },
        "end": { "line": 79, "column": null }
      },
      "18": {
        "start": { "line": 84, "column": 15 },
        "end": { "line": 84, "column": null }
      },
      "19": {
        "start": { "line": 86, "column": 4 },
        "end": { "line": 86, "column": null }
      },
      "20": {
        "start": { "line": 90, "column": 15 },
        "end": { "line": 90, "column": null }
      },
      "21": {
        "start": { "line": 92, "column": 4 },
        "end": { "line": 92, "column": null }
      },
      "22": {
        "start": { "line": 98, "column": 4 },
        "end": { "line": 98, "column": null }
      },
      "23": {
        "start": { "line": 98, "column": 41 },
        "end": { "line": 98, "column": null }
      },
      "24": {
        "start": { "line": 99, "column": 4 },
        "end": { "line": 103, "column": null }
      },
      "25": {
        "start": { "line": 100, "column": 6 },
        "end": { "line": 102, "column": null }
      },
      "26": {
        "start": { "line": 104, "column": 16 },
        "end": { "line": 104, "column": null }
      },
      "27": {
        "start": { "line": 106, "column": 4 },
        "end": { "line": 106, "column": null }
      },
      "28": {
        "start": { "line": 106, "column": 19 },
        "end": { "line": 106, "column": null }
      }
    },
    "fnMap": {
      "0": {
        "name": "constructor",
        "decl": {
          "start": { "line": 14, "column": 2 },
          "end": { "line": 14, "column": 14 }
        },
        "loc": {
          "start": { "line": 14, "column": 63 },
          "end": { "line": 27, "column": null }
        },
        "line": 14
      },
      "1": {
        "name": "isEmpty",
        "decl": {
          "start": { "line": 29, "column": 6 },
          "end": { "line": 29, "column": 16 }
        },
        "loc": {
          "start": { "line": 29, "column": 16 },
          "end": { "line": 31, "column": null }
        },
        "line": 29
      },
      "2": {
        "name": "count",
        "decl": {
          "start": { "line": 33, "column": 6 },
          "end": { "line": 33, "column": 14 }
        },
        "loc": {
          "start": { "line": 33, "column": 14 },
          "end": { "line": 35, "column": null }
        },
        "line": 33
      },
      "3": {
        "name": "updateItem",
        "decl": {
          "start": { "line": 43, "column": 2 },
          "end": { "line": 43, "column": null }
        },
        "loc": {
          "start": { "line": 46, "column": 4 },
          "end": { "line": 50, "column": null }
        },
        "line": 46
      },
      "4": {
        "name": "(anonymous_4)",
        "decl": {
          "start": { "line": 49, "column": 28 },
          "end": { "line": 49, "column": 32 }
        },
        "loc": {
          "start": { "line": 49, "column": 41 },
          "end": { "line": 49, "column": 67 }
        },
        "line": 49
      },
      "5": {
        "name": "upsertItem",
        "decl": {
          "start": { "line": 52, "column": 2 },
          "end": { "line": 52, "column": null }
        },
        "loc": {
          "start": { "line": 55, "column": 4 },
          "end": { "line": 63, "column": null }
        },
        "line": 55
      },
      "6": {
        "name": "(anonymous_6)",
        "decl": {
          "start": { "line": 59, "column": 30 },
          "end": { "line": 59, "column": 34 }
        },
        "loc": {
          "start": { "line": 59, "column": 40 },
          "end": { "line": 59, "column": 57 }
        },
        "line": 59
      },
      "7": {
        "name": "appendIfNotExists",
        "decl": {
          "start": { "line": 65, "column": 2 },
          "end": { "line": 65, "column": null }
        },
        "loc": {
          "start": { "line": 68, "column": 4 },
          "end": { "line": 72, "column": null }
        },
        "line": 68
      },
      "8": {
        "name": "prependIfNotExists",
        "decl": {
          "start": { "line": 74, "column": 2 },
          "end": { "line": 74, "column": null }
        },
        "loc": {
          "start": { "line": 77, "column": 4 },
          "end": { "line": 81, "column": null }
        },
        "line": 77
      },
      "9": {
        "name": "exists",
        "decl": {
          "start": { "line": 83, "column": 2 },
          "end": { "line": 83, "column": 9 }
        },
        "loc": {
          "start": { "line": 83, "column": 66 },
          "end": { "line": 87, "column": null }
        },
        "line": 83
      },
      "10": {
        "name": "get",
        "decl": {
          "start": { "line": 89, "column": 2 },
          "end": { "line": 89, "column": 6 }
        },
        "loc": {
          "start": { "line": 89, "column": 63 },
          "end": { "line": 93, "column": null }
        },
        "line": 89
      },
      "11": {
        "name": "_normalizePredicate",
        "decl": {
          "start": { "line": 95, "column": 2 },
          "end": { "line": 95, "column": 12 }
        },
        "loc": {
          "start": { "line": 97, "column": 30 },
          "end": { "line": 107, "column": null }
        },
        "line": 97
      },
      "12": {
        "name": "(anonymous_12)",
        "decl": {
          "start": { "line": 106, "column": 4 },
          "end": { "line": 106, "column": 11 }
        },
        "loc": {
          "start": { "line": 106, "column": 19 },
          "end": { "line": 106, "column": null }
        },
        "line": 106
      }
    },
    "branchMap": {
      "0": {
        "loc": {
          "start": { "line": 30, "column": 11 },
          "end": { "line": 30, "column": null }
        },
        "type": "binary-expr",
        "locations": [
          {
            "start": { "line": 30, "column": 11 },
            "end": { "line": 30, "column": 29 }
          },
          {
            "start": { "line": 30, "column": 29 },
            "end": { "line": 30, "column": null }
          }
        ],
        "line": 30
      },
      "1": {
        "loc": {
          "start": { "line": 49, "column": 41 },
          "end": { "line": 49, "column": 67 }
        },
        "type": "cond-expr",
        "locations": [
          {
            "start": { "line": 49, "column": 52 },
            "end": { "line": 49, "column": 62 }
          },
          {
            "start": { "line": 49, "column": 62 },
            "end": { "line": 49, "column": 67 }
          }
        ],
        "line": 49
      },
      "2": {
        "loc": {
          "start": { "line": 58, "column": 4 },
          "end": { "line": 62, "column": null }
        },
        "type": "if",
        "locations": [
          {
            "start": { "line": 58, "column": 4 },
            "end": { "line": 62, "column": null }
          },
          {
            "start": { "line": 60, "column": 11 },
            "end": { "line": 62, "column": null }
          }
        ],
        "line": 58
      },
      "3": {
        "loc": {
          "start": { "line": 59, "column": 40 },
          "end": { "line": 59, "column": 57 }
        },
        "type": "cond-expr",
        "locations": [
          {
            "start": { "line": 59, "column": 48 },
            "end": { "line": 59, "column": 55 }
          },
          {
            "start": { "line": 59, "column": 55 },
            "end": { "line": 59, "column": 57 }
          }
        ],
        "line": 59
      },
      "4": {
        "loc": {
          "start": { "line": 69, "column": 4 },
          "end": { "line": 71, "column": null }
        },
        "type": "if",
        "locations": [
          {
            "start": { "line": 69, "column": 4 },
            "end": { "line": 71, "column": null }
          },
          { "start": {}, "end": {} }
        ],
        "line": 69
      },
      "5": {
        "loc": {
          "start": { "line": 78, "column": 4 },
          "end": { "line": 80, "column": null }
        },
        "type": "if",
        "locations": [
          {
            "start": { "line": 78, "column": 4 },
            "end": { "line": 80, "column": null }
          },
          { "start": {}, "end": {} }
        ],
        "line": 78
      },
      "6": {
        "loc": {
          "start": { "line": 98, "column": 4 },
          "end": { "line": 98, "column": null }
        },
        "type": "if",
        "locations": [
          {
            "start": { "line": 98, "column": 4 },
            "end": { "line": 98, "column": null }
          },
          { "start": {}, "end": {} }
        ],
        "line": 98
      },
      "7": {
        "loc": {
          "start": { "line": 99, "column": 4 },
          "end": { "line": 103, "column": null }
        },
        "type": "if",
        "locations": [
          {
            "start": { "line": 99, "column": 4 },
            "end": { "line": 103, "column": null }
          },
          { "start": {}, "end": {} }
        ],
        "line": 99
      }
    },
    "s": {
      "0": 50,
      "1": 50,
      "2": 50,
      "3": 50,
      "4": 3,
      "5": 3,
      "6": 3,
      "7": 3,
      "8": 10,
      "9": 3,
      "10": 3,
      "11": 1,
      "12": 4,
      "13": 2,
      "14": 2,
      "15": 1,
      "16": 2,
      "17": 1,
      "18": 14,
      "19": 14,
      "20": 1,
      "21": 1,
      "22": 28,
      "23": 1,
      "24": 27,
      "25": 1,
      "26": 26,
      "27": 26,
      "28": 86
    },
    "f": {
      "0": 50,
      "1": 3,
      "2": 3,
      "3": 3,
      "4": 10,
      "5": 3,
      "6": 4,
      "7": 2,
      "8": 2,
      "9": 14,
      "10": 1,
      "11": 28,
      "12": 86
    },
    "b": {
      "0": [3, 3],
      "1": [3, 7],
      "2": [1, 2],
      "3": [1, 3],
      "4": [1, 1],
      "5": [1, 1],
      "6": [1, 27],
      "7": [1, 26]
    },
    "meta": {
      "lastBranch": 8,
      "lastFunction": 13,
      "lastStatement": 29,
      "seen": {
        "s:10:19:10:Infinity": 0,
        "f:14:2:14:14": 0,
        "s:15:4:15:Infinity": 1,
        "s:16:4:16:Infinity": 2,
        "s:18:4:26:Infinity": 3,
        "f:29:6:29:16": 1,
        "s:30:4:30:Infinity": 4,
        "b:30:11:30:29:30:29:30:Infinity": 0,
        "f:33:6:33:14": 2,
        "s:34:4:34:Infinity": 5,
        "f:43:2:43:Infinity": 3,
        "s:47:15:47:Infinity": 6,
        "s:49:4:49:Infinity": 7,
        "f:49:28:49:32": 4,
        "s:49:41:49:67": 8,
        "b:49:52:49:62:49:62:49:67": 1,
        "f:52:2:52:Infinity": 5,
        "s:56:15:56:Infinity": 9,
        "b:58:4:62:Infinity:60:11:62:Infinity": 2,
        "s:58:4:62:Infinity": 10,
        "s:59:6:59:Infinity": 11,
        "f:59:30:59:34": 6,
        "s:59:40:59:57": 12,
        "b:59:48:59:55:59:55:59:57": 3,
        "s:61:6:61:Infinity": 13,
        "f:65:2:65:Infinity": 7,
        "b:69:4:71:Infinity:undefined:undefined:undefined:undefined": 4,
        "s:69:4:71:Infinity": 14,
        "s:70:6:70:Infinity": 15,
        "f:74:2:74:Infinity": 8,
        "b:78:4:80:Infinity:undefined:undefined:undefined:undefined": 5,
        "s:78:4:80:Infinity": 16,
        "s:79:6:79:Infinity": 17,
        "f:83:2:83:9": 9,
        "s:84:15:84:Infinity": 18,
        "s:86:4:86:Infinity": 19,
        "f:89:2:89:6": 10,
        "s:90:15:90:Infinity": 20,
        "s:92:4:92:Infinity": 21,
        "f:95:2:95:12": 11,
        "b:98:4:98:Infinity:undefined:undefined:undefined:undefined": 6,
        "s:98:4:98:Infinity": 22,
        "s:98:41:98:Infinity": 23,
        "b:99:4:103:Infinity:undefined:undefined:undefined:undefined": 7,
        "s:99:4:103:Infinity": 24,
        "s:100:6:102:Infinity": 25,
        "s:104:16:104:Infinity": 26,
        "s:106:4:106:Infinity": 27,
        "f:106:4:106:11": 12,
        "s:106:19:106:Infinity": 28
      },
      "fnNames": {}
    }
  },
  "/Users/epifanovmd/dev/react-vite/src/shared/lib/holders/base/combined-holder.ts": {
    "path": "/Users/epifanovmd/dev/react-vite/src/shared/lib/holders/base/combined-holder.ts",
    "statementMap": {
      "0": {
        "start": { "line": 18, "column": 4 },
        "end": { "line": 18, "column": null }
      },
      "1": {
        "start": { "line": 20, "column": 4 },
        "end": { "line": 28, "column": null }
      },
      "2": {
        "start": { "line": 32, "column": 4 },
        "end": { "line": 32, "column": null }
      },
      "3": {
        "start": { "line": 32, "column": 35 },
        "end": { "line": 32, "column": 46 }
      },
      "4": {
        "start": { "line": 36, "column": 4 },
        "end": { "line": 36, "column": null }
      },
      "5": {
        "start": { "line": 36, "column": 35 },
        "end": { "line": 36, "column": 58 }
      },
      "6": {
        "start": { "line": 40, "column": 4 },
        "end": { "line": 40, "column": null }
      },
      "7": {
        "start": { "line": 40, "column": 35 },
        "end": { "line": 40, "column": 58 }
      },
      "8": {
        "start": { "line": 44, "column": 4 },
        "end": { "line": 44, "column": null }
      },
      "9": {
        "start": { "line": 44, "column": 35 },
        "end": { "line": 44, "column": 44 }
      },
      "10": {
        "start": { "line": 48, "column": 4 },
        "end": { "line": 48, "column": null }
      },
      "11": {
        "start": { "line": 48, "column": 36 },
        "end": { "line": 48, "column": 47 }
      },
      "12": {
        "start": { "line": 52, "column": 4 },
        "end": { "line": 54, "column": null }
      },
      "13": {
        "start": { "line": 53, "column": 16 },
        "end": { "line": 53, "column": 23 }
      },
      "14": {
        "start": { "line": 54, "column": 40 },
        "end": { "line": 54, "column": 50 }
      },
      "15": {
        "start": { "line": 58, "column": 4 },
        "end": { "line": 58, "column": null }
      }
    },
    "fnMap": {
      "0": {
        "name": "constructor",
        "decl": {
          "start": { "line": 17, "column": 2 },
          "end": { "line": 17, "column": 14 }
        },
        "loc": {
          "start": { "line": 17, "column": 38 },
          "end": { "line": 29, "column": null }
        },
        "line": 17
      },
      "1": {
        "name": "isLoading",
        "decl": {
          "start": { "line": 31, "column": 6 },
          "end": { "line": 31, "column": 27 }
        },
        "loc": {
          "start": { "line": 31, "column": 27 },
          "end": { "line": 33, "column": null }
        },
        "line": 31
      },
      "2": {
        "name": "(anonymous_2)",
        "decl": {
          "start": { "line": 32, "column": 25 },
          "end": { "line": 32, "column": 30 }
        },
        "loc": {
          "start": { "line": 32, "column": 35 },
          "end": { "line": 32, "column": 46 }
        },
        "line": 32
      },
      "3": {
        "name": "isRefreshing",
        "decl": {
          "start": { "line": 35, "column": 6 },
          "end": { "line": 35, "column": 30 }
        },
        "loc": {
          "start": { "line": 35, "column": 30 },
          "end": { "line": 37, "column": null }
        },
        "line": 35
      },
      "4": {
        "name": "(anonymous_4)",
        "decl": {
          "start": { "line": 36, "column": 25 },
          "end": { "line": 36, "column": 30 }
        },
        "loc": {
          "start": { "line": 36, "column": 35 },
          "end": { "line": 36, "column": 58 }
        },
        "line": 36
      },
      "5": {
        "name": "isBusy",
        "decl": {
          "start": { "line": 39, "column": 6 },
          "end": { "line": 39, "column": 24 }
        },
        "loc": {
          "start": { "line": 39, "column": 24 },
          "end": { "line": 41, "column": null }
        },
        "line": 39
      },
      "6": {
        "name": "(anonymous_6)",
        "decl": {
          "start": { "line": 40, "column": 25 },
          "end": { "line": 40, "column": 30 }
        },
        "loc": {
          "start": { "line": 40, "column": 35 },
          "end": { "line": 40, "column": 58 }
        },
        "line": 40
      },
      "7": {
        "name": "isError",
        "decl": {
          "start": { "line": 43, "column": 6 },
          "end": { "line": 43, "column": 25 }
        },
        "loc": {
          "start": { "line": 43, "column": 25 },
          "end": { "line": 45, "column": null }
        },
        "line": 43
      },
      "8": {
        "name": "(anonymous_8)",
        "decl": {
          "start": { "line": 44, "column": 25 },
          "end": { "line": 44, "column": 30 }
        },
        "loc": {
          "start": { "line": 44, "column": 35 },
          "end": { "line": 44, "column": 44 }
        },
        "line": 44
      },
      "9": {
        "name": "isSuccess",
        "decl": {
          "start": { "line": 47, "column": 6 },
          "end": { "line": 47, "column": 27 }
        },
        "loc": {
          "start": { "line": 47, "column": 27 },
          "end": { "line": 49, "column": null }
        },
        "line": 47
      },
      "10": {
        "name": "(anonymous_10)",
        "decl": {
          "start": { "line": 48, "column": 25 },
          "end": { "line": 48, "column": 31 }
        },
        "loc": {
          "start": { "line": 48, "column": 36 },
          "end": { "line": 48, "column": 47 }
        },
        "line": 48
      },
      "11": {
        "name": "errors",
        "decl": {
          "start": { "line": 51, "column": 6 },
          "end": { "line": 51, "column": 31 }
        },
        "loc": {
          "start": { "line": 51, "column": 31 },
          "end": { "line": 55, "column": null }
        },
        "line": 51
      },
      "12": {
        "name": "(anonymous_12)",
        "decl": {
          "start": { "line": 53, "column": 7 },
          "end": { "line": 53, "column": 11 }
        },
        "loc": {
          "start": { "line": 53, "column": 16 },
          "end": { "line": 53, "column": 23 }
        },
        "line": 53
      },
      "13": {
        "name": "(anonymous_13)",
        "decl": {
          "start": { "line": 54, "column": 7 },
          "end": { "line": 54, "column": 15 }
        },
        "loc": {
          "start": { "line": 54, "column": 40 },
          "end": { "line": 54, "column": 50 }
        },
        "line": 54
      },
      "14": {
        "name": "firstError",
        "decl": {
          "start": { "line": 57, "column": 6 },
          "end": { "line": 57, "column": 40 }
        },
        "loc": {
          "start": { "line": 57, "column": 40 },
          "end": { "line": 59, "column": null }
        },
        "line": 57
      }
    },
    "branchMap": {
      "0": {
        "loc": {
          "start": { "line": 36, "column": 35 },
          "end": { "line": 36, "column": 58 }
        },
        "type": "binary-expr",
        "locations": [
          {
            "start": { "line": 36, "column": 35 },
            "end": { "line": 36, "column": 53 }
          },
          {
            "start": { "line": 36, "column": 53 },
            "end": { "line": 36, "column": 58 }
          }
        ],
        "line": 36
      },
      "1": {
        "loc": {
          "start": { "line": 40, "column": 35 },
          "end": { "line": 40, "column": 58 }
        },
        "type": "binary-expr",
        "locations": [
          {
            "start": { "line": 40, "column": 35 },
            "end": { "line": 40, "column": 47 }
          },
          {
            "start": { "line": 40, "column": 47 },
            "end": { "line": 40, "column": 58 }
          }
        ],
        "line": 40
      },
      "2": {
        "loc": {
          "start": { "line": 58, "column": 11 },
          "end": { "line": 58, "column": null }
        },
        "type": "binary-expr",
        "locations": [
          {
            "start": { "line": 58, "column": 11 },
            "end": { "line": 58, "column": 29 }
          },
          {
            "start": { "line": 58, "column": 29 },
            "end": { "line": 58, "column": null }
          }
        ],
        "line": 58
      }
    },
    "s": {
      "0": 2,
      "1": 2,
      "2": 1,
      "3": 1,
      "4": 2,
      "5": 2,
      "6": 2,
      "7": 2,
      "8": 1,
      "9": 1,
      "10": 1,
      "11": 2,
      "12": 3,
      "13": 6,
      "14": 6,
      "15": 2
    },
    "f": {
      "0": 2,
      "1": 1,
      "2": 1,
      "3": 2,
      "4": 2,
      "5": 2,
      "6": 2,
      "7": 1,
      "8": 1,
      "9": 1,
      "10": 2,
      "11": 3,
      "12": 6,
      "13": 6,
      "14": 2
    },
    "b": { "0": [2, 1], "1": [2, 1], "2": [2, 1] },
    "meta": {
      "lastBranch": 3,
      "lastFunction": 15,
      "lastStatement": 16,
      "seen": {
        "f:17:2:17:14": 0,
        "s:18:4:18:Infinity": 0,
        "s:20:4:28:Infinity": 1,
        "f:31:6:31:27": 1,
        "s:32:4:32:Infinity": 2,
        "f:32:25:32:30": 2,
        "s:32:35:32:46": 3,
        "f:35:6:35:30": 3,
        "s:36:4:36:Infinity": 4,
        "f:36:25:36:30": 4,
        "s:36:35:36:58": 5,
        "b:36:35:36:53:36:53:36:58": 0,
        "f:39:6:39:24": 5,
        "s:40:4:40:Infinity": 6,
        "f:40:25:40:30": 6,
        "s:40:35:40:58": 7,
        "b:40:35:40:47:40:47:40:58": 1,
        "f:43:6:43:25": 7,
        "s:44:4:44:Infinity": 8,
        "f:44:25:44:30": 8,
        "s:44:35:44:44": 9,
        "f:47:6:47:27": 9,
        "s:48:4:48:Infinity": 10,
        "f:48:25:48:31": 10,
        "s:48:36:48:47": 11,
        "f:51:6:51:31": 11,
        "s:52:4:54:Infinity": 12,
        "f:53:7:53:11": 12,
        "s:53:16:53:23": 13,
        "f:54:7:54:15": 13,
        "s:54:40:54:50": 14,
        "f:57:6:57:40": 14,
        "s:58:4:58:Infinity": 15,
        "b:58:11:58:29:58:29:58:Infinity": 2
      },
      "fnNames": {}
    }
  },
  "/Users/epifanovmd/dev/react-vite/src/shared/lib/holders/collection/CollectionProvider.tsx": {
    "path": "/Users/epifanovmd/dev/react-vite/src/shared/lib/holders/collection/CollectionProvider.tsx",
    "statementMap": {
      "0": {
        "start": { "line": 10, "column": 13 },
        "end": { "line": 24, "column": null }
      },
      "1": {
        "start": { "line": 18, "column": 17 },
        "end": { "line": 18, "column": null }
      },
      "2": {
        "start": { "line": 19, "column": 16 },
        "end": { "line": 19, "column": null }
      },
      "3": {
        "start": { "line": 21, "column": 2 },
        "end": { "line": 22, "column": null }
      }
    },
    "fnMap": {
      "0": {
        "name": "(anonymous_0)",
        "decl": {
          "start": { "line": 10, "column": 13 },
          "end": { "line": 10, "column": 56 }
        },
        "loc": {
          "start": { "line": 17, "column": 43 },
          "end": { "line": 24, "column": null }
        },
        "line": 17
      }
    },
    "branchMap": {
      "0": {
        "loc": {
          "start": { "line": 19, "column": 16 },
          "end": { "line": 19, "column": null }
        },
        "type": "binary-expr",
        "locations": [
          {
            "start": { "line": 19, "column": 16 },
            "end": { "line": 19, "column": 33 }
          },
          {
            "start": { "line": 19, "column": 33 },
            "end": { "line": 19, "column": null }
          }
        ],
        "line": 19
      }
    },
    "s": { "0": 1, "1": 2, "2": 2, "3": 2 },
    "f": { "0": 2 },
    "b": { "0": [2, 1] },
    "meta": {
      "lastBranch": 1,
      "lastFunction": 1,
      "lastStatement": 4,
      "seen": {
        "s:10:13:24:Infinity": 0,
        "f:10:13:10:56": 0,
        "s:18:17:18:Infinity": 1,
        "s:19:16:19:Infinity": 2,
        "b:19:16:19:33:19:33:19:Infinity": 0,
        "s:21:2:22:Infinity": 3
      },
      "fnNames": {}
    }
  },
  "/Users/epifanovmd/dev/react-vite/src/shared/lib/holders/collection/collection-holder.ts": {
    "path": "/Users/epifanovmd/dev/react-vite/src/shared/lib/holders/collection/collection-holder.ts",
    "statementMap": {
      "0": {
        "start": { "line": 33, "column": 4 },
        "end": { "line": 33, "column": null }
      },
      "1": {
        "start": { "line": 35, "column": 4 },
        "end": { "line": 38, "column": null }
      },
      "2": {
        "start": { "line": 40, "column": 4 },
        "end": { "line": 40, "column": null }
      },
      "3": {
        "start": { "line": 44, "column": 4 },
        "end": { "line": 44, "column": null }
      },
      "4": {
        "start": { "line": 45, "column": 4 },
        "end": { "line": 45, "column": null }
      },
      "5": {
        "start": { "line": 46, "column": 4 },
        "end": { "line": 46, "column": null }
      },
      "6": {
        "start": { "line": 50, "column": 4 },
        "end": { "line": 50, "column": null }
      },
      "7": {
        "start": { "line": 51, "column": 4 },
        "end": { "line": 51, "column": null }
      },
      "8": {
        "start": { "line": 52, "column": 4 },
        "end": { "line": 52, "column": null }
      },
      "9": {
        "start": { "line": 56, "column": 4 },
        "end": { "line": 56, "column": null }
      },
      "10": {
        "start": { "line": 60, "column": 4 },
        "end": { "line": 60, "column": null }
      },
      "11": {
        "start": { "line": 64, "column": 15 },
        "end": { "line": 64, "column": null }
      },
      "12": {
        "start": { "line": 66, "column": 4 },
        "end": { "line": 66, "column": null }
      },
      "13": {
        "start": { "line": 66, "column": 43 },
        "end": { "line": 66, "column": 52 }
      },
      "14": {
        "start": { "line": 74, "column": 4 },
        "end": { "line": 74, "column": null }
      },
      "15": {
        "start": { "line": 76, "column": 4 },
        "end": { "line": 80, "column": null }
      },
      "16": {
        "start": { "line": 77, "column": 6 },
        "end": { "line": 77, "column": null }
      },
      "17": {
        "start": { "line": 79, "column": 6 },
        "end": { "line": 79, "column": null }
      },
      "18": {
        "start": { "line": 82, "column": 20 },
        "end": { "line": 82, "column": null }
      },
      "19": {
        "start": { "line": 84, "column": 4 },
        "end": { "line": 84, "column": null }
      },
      "20": {
        "start": { "line": 86, "column": 4 },
        "end": { "line": 122, "column": null }
      },
      "21": {
        "start": { "line": 87, "column": 18 },
        "end": { "line": 87, "column": null }
      },
      "22": {
        "start": { "line": 89, "column": 6 },
        "end": { "line": 89, "column": null }
      },
      "23": {
        "start": { "line": 91, "column": 6 },
        "end": { "line": 91, "column": null }
      },
      "24": {
        "start": { "line": 91, "column": 33 },
        "end": { "line": 91, "column": null }
      },
      "25": {
        "start": { "line": 93, "column": 6 },
        "end": { "line": 97, "column": null }
      },
      "26": {
        "start": { "line": 94, "column": 8 },
        "end": { "line": 94, "column": null }
      },
      "27": {
        "start": { "line": 96, "column": 8 },
        "end": { "line": 96, "column": null }
      },
      "28": {
        "start": { "line": 99, "column": 6 },
        "end": { "line": 107, "column": null }
      },
      "29": {
        "start": { "line": 100, "column": 22 },
        "end": { "line": 102, "column": null }
      },
      "30": {
        "start": { "line": 104, "column": 8 },
        "end": { "line": 104, "column": null }
      },
      "31": {
        "start": { "line": 106, "column": 8 },
        "end": { "line": 106, "column": null }
      },
      "32": {
        "start": { "line": 109, "column": 6 },
        "end": { "line": 109, "column": null }
      },
      "33": {
        "start": { "line": 111, "column": 6 },
        "end": { "line": 111, "column": null }
      },
      "34": {
        "start": { "line": 113, "column": 6 },
        "end": { "line": 113, "column": null }
      },
      "35": {
        "start": { "line": 115, "column": 6 },
        "end": { "line": 115, "column": null }
      },
      "36": {
        "start": { "line": 115, "column": 28 },
        "end": { "line": 115, "column": null }
      },
      "37": {
        "start": { "line": 117, "column": 18 },
        "end": { "line": 117, "column": null }
      },
      "38": {
        "start": { "line": 119, "column": 6 },
        "end": { "line": 119, "column": null }
      },
      "39": {
        "start": { "line": 121, "column": 6 },
        "end": { "line": 121, "column": null }
      },
      "40": {
        "start": { "line": 128, "column": 4 },
        "end": { "line": 128, "column": null }
      },
      "41": {
        "start": { "line": 134, "column": 4 },
        "end": { "line": 134, "column": null }
      },
      "42": {
        "start": { "line": 141, "column": 4 },
        "end": { "line": 147, "column": null }
      },
      "43": {
        "start": { "line": 142, "column": 6 },
        "end": { "line": 144, "column": null }
      },
      "44": {
        "start": { "line": 146, "column": 6 },
        "end": { "line": 146, "column": null }
      },
      "45": {
        "start": { "line": 149, "column": 4 },
        "end": { "line": 149, "column": null }
      },
      "46": {
        "start": { "line": 151, "column": 4 },
        "end": { "line": 155, "column": null }
      },
      "47": {
        "start": { "line": 152, "column": 6 },
        "end": { "line": 152, "column": null }
      },
      "48": {
        "start": { "line": 154, "column": 6 },
        "end": { "line": 154, "column": null }
      },
      "49": {
        "start": { "line": 157, "column": 20 },
        "end": { "line": 157, "column": null }
      },
      "50": {
        "start": { "line": 159, "column": 4 },
        "end": { "line": 159, "column": null }
      },
      "51": {
        "start": { "line": 161, "column": 4 },
        "end": { "line": 189, "column": null }
      },
      "52": {
        "start": { "line": 162, "column": 18 },
        "end": { "line": 162, "column": null }
      },
      "53": {
        "start": { "line": 164, "column": 6 },
        "end": { "line": 164, "column": null }
      },
      "54": {
        "start": { "line": 166, "column": 6 },
        "end": { "line": 166, "column": null }
      },
      "55": {
        "start": { "line": 166, "column": 33 },
        "end": { "line": 166, "column": null }
      },
      "56": {
        "start": { "line": 168, "column": 6 },
        "end": { "line": 172, "column": null }
      },
      "57": {
        "start": { "line": 169, "column": 8 },
        "end": { "line": 169, "column": null }
      },
      "58": {
        "start": { "line": 171, "column": 8 },
        "end": { "line": 171, "column": null }
      },
      "59": {
        "start": { "line": 174, "column": 21 },
        "end": { "line": 174, "column": null }
      },
      "60": {
        "start": { "line": 176, "column": 6 },
        "end": { "line": 176, "column": null }
      },
      "61": {
        "start": { "line": 178, "column": 6 },
        "end": { "line": 178, "column": null }
      },
      "62": {
        "start": { "line": 180, "column": 6 },
        "end": { "line": 180, "column": null }
      },
      "63": {
        "start": { "line": 182, "column": 6 },
        "end": { "line": 182, "column": null }
      },
      "64": {
        "start": { "line": 182, "column": 28 },
        "end": { "line": 182, "column": null }
      },
      "65": {
        "start": { "line": 184, "column": 18 },
        "end": { "line": 184, "column": null }
      },
      "66": {
        "start": { "line": 186, "column": 6 },
        "end": { "line": 186, "column": null }
      },
      "67": {
        "start": { "line": 188, "column": 6 },
        "end": { "line": 188, "column": null }
      }
    },
    "fnMap": {
      "0": {
        "name": "constructor",
        "decl": {
          "start": { "line": 32, "column": 2 },
          "end": { "line": 32, "column": 14 }
        },
        "loc": {
          "start": { "line": 32, "column": 64 },
          "end": { "line": 41, "column": null }
        },
        "line": 32
      },
      "1": {
        "name": "setItems",
        "decl": {
          "start": { "line": 43, "column": 2 },
          "end": { "line": 43, "column": 11 }
        },
        "loc": {
          "start": { "line": 43, "column": 27 },
          "end": { "line": 47, "column": null }
        },
        "line": 43
      },
      "2": {
        "name": "reset",
        "decl": {
          "start": { "line": 49, "column": 2 },
          "end": { "line": 49, "column": 10 }
        },
        "loc": {
          "start": { "line": 49, "column": 10 },
          "end": { "line": 53, "column": null }
        },
        "line": 49
      },
      "3": {
        "name": "prependItem",
        "decl": {
          "start": { "line": 55, "column": 2 },
          "end": { "line": 55, "column": 14 }
        },
        "loc": {
          "start": { "line": 55, "column": 27 },
          "end": { "line": 57, "column": null }
        },
        "line": 55
      },
      "4": {
        "name": "appendItem",
        "decl": {
          "start": { "line": 59, "column": 2 },
          "end": { "line": 59, "column": 13 }
        },
        "loc": {
          "start": { "line": 59, "column": 26 },
          "end": { "line": 61, "column": null }
        },
        "line": 59
      },
      "5": {
        "name": "removeItem",
        "decl": {
          "start": { "line": 63, "column": 2 },
          "end": { "line": 63, "column": 13 }
        },
        "loc": {
          "start": { "line": 63, "column": 70 },
          "end": { "line": 67, "column": null }
        },
        "line": 63
      },
      "6": {
        "name": "(anonymous_6)",
        "decl": {
          "start": { "line": 66, "column": 28 },
          "end": { "line": 66, "column": 35 }
        },
        "loc": {
          "start": { "line": 66, "column": 43 },
          "end": { "line": 66, "column": 52 }
        },
        "line": 66
      },
      "7": {
        "name": "fromApi",
        "decl": {
          "start": { "line": 69, "column": 8 },
          "end": { "line": 69, "column": null }
        },
        "loc": {
          "start": { "line": 73, "column": 56 },
          "end": { "line": 123, "column": null }
        },
        "line": 73
      },
      "8": {
        "name": "load",
        "decl": {
          "start": { "line": 125, "column": 8 },
          "end": { "line": 125, "column": null }
        },
        "loc": {
          "start": { "line": 127, "column": 53 },
          "end": { "line": 129, "column": null }
        },
        "line": 127
      },
      "9": {
        "name": "refresh",
        "decl": {
          "start": { "line": 131, "column": 8 },
          "end": { "line": 131, "column": null }
        },
        "loc": {
          "start": { "line": 133, "column": 53 },
          "end": { "line": 135, "column": null }
        },
        "line": 133
      },
      "10": {
        "name": "_runFetch",
        "decl": {
          "start": { "line": 137, "column": 16 },
          "end": { "line": 137, "column": null }
        },
        "loc": {
          "start": { "line": 140, "column": 53 },
          "end": { "line": 190, "column": null }
        },
        "line": 140
      }
    },
    "branchMap": {
      "0": {
        "loc": {
          "start": { "line": 76, "column": 4 },
          "end": { "line": 80, "column": null }
        },
        "type": "if",
        "locations": [
          {
            "start": { "line": 76, "column": 4 },
            "end": { "line": 80, "column": null }
          },
          {
            "start": { "line": 78, "column": 11 },
            "end": { "line": 80, "column": null }
          }
        ],
        "line": 76
      },
      "1": {
        "loc": {
          "start": { "line": 91, "column": 6 },
          "end": { "line": 91, "column": null }
        },
        "type": "if",
        "locations": [
          {
            "start": { "line": 91, "column": 6 },
            "end": { "line": 91, "column": null }
          },
          { "start": {}, "end": {} }
        ],
        "line": 91
      },
      "2": {
        "loc": {
          "start": { "line": 93, "column": 6 },
          "end": { "line": 97, "column": null }
        },
        "type": "if",
        "locations": [
          {
            "start": { "line": 93, "column": 6 },
            "end": { "line": 97, "column": null }
          },
          { "start": {}, "end": {} }
        ],
        "line": 93
      },
      "3": {
        "loc": {
          "start": { "line": 99, "column": 6 },
          "end": { "line": 107, "column": null }
        },
        "type": "if",
        "locations": [
          {
            "start": { "line": 99, "column": 6 },
            "end": { "line": 107, "column": null }
          },
          { "start": {}, "end": {} }
        ],
        "line": 99
      },
      "4": {
        "loc": {
          "start": { "line": 100, "column": 22 },
          "end": { "line": 102, "column": null }
        },
        "type": "cond-expr",
        "locations": [
          {
            "start": { "line": 101, "column": 12 },
            "end": { "line": 101, "column": null }
          },
          {
            "start": { "line": 102, "column": 13 },
            "end": { "line": 102, "column": null }
          }
        ],
        "line": 100
      },
      "5": {
        "loc": {
          "start": { "line": 115, "column": 6 },
          "end": { "line": 115, "column": null }
        },
        "type": "if",
        "locations": [
          {
            "start": { "line": 115, "column": 6 },
            "end": { "line": 115, "column": null }
          },
          { "start": {}, "end": {} }
        ],
        "line": 115
      },
      "6": {
        "loc": {
          "start": { "line": 141, "column": 4 },
          "end": { "line": 147, "column": null }
        },
        "type": "if",
        "locations": [
          {
            "start": { "line": 141, "column": 4 },
            "end": { "line": 147, "column": null }
          },
          { "start": {}, "end": {} }
        ],
        "line": 141
      },
      "7": {
        "loc": {
          "start": { "line": 151, "column": 4 },
          "end": { "line": 155, "column": null }
        },
        "type": "if",
        "locations": [
          {
            "start": { "line": 151, "column": 4 },
            "end": { "line": 155, "column": null }
          },
          {
            "start": { "line": 153, "column": 11 },
            "end": { "line": 155, "column": null }
          }
        ],
        "line": 151
      },
      "8": {
        "loc": {
          "start": { "line": 166, "column": 6 },
          "end": { "line": 166, "column": null }
        },
        "type": "if",
        "locations": [
          {
            "start": { "line": 166, "column": 6 },
            "end": { "line": 166, "column": null }
          },
          { "start": {}, "end": {} }
        ],
        "line": 166
      },
      "9": {
        "loc": {
          "start": { "line": 168, "column": 6 },
          "end": { "line": 172, "column": null }
        },
        "type": "if",
        "locations": [
          {
            "start": { "line": 168, "column": 6 },
            "end": { "line": 172, "column": null }
          },
          { "start": {}, "end": {} }
        ],
        "line": 168
      },
      "10": {
        "loc": {
          "start": { "line": 174, "column": 21 },
          "end": { "line": 174, "column": null }
        },
        "type": "binary-expr",
        "locations": [
          {
            "start": { "line": 174, "column": 21 },
            "end": { "line": 174, "column": 33 }
          },
          {
            "start": { "line": 174, "column": 33 },
            "end": { "line": 174, "column": null }
          }
        ],
        "line": 174
      },
      "11": {
        "loc": {
          "start": { "line": 182, "column": 6 },
          "end": { "line": 182, "column": null }
        },
        "type": "if",
        "locations": [
          {
            "start": { "line": 182, "column": 6 },
            "end": { "line": 182, "column": null }
          },
          { "start": {}, "end": {} }
        ],
        "line": 182
      }
    },
    "s": {
      "0": 10,
      "1": 10,
      "2": 10,
      "3": 10,
      "4": 10,
      "5": 10,
      "6": 2,
      "7": 2,
      "8": 2,
      "9": 3,
      "10": 5,
      "11": 2,
      "12": 2,
      "13": 11,
      "14": 8,
      "15": 8,
      "16": 1,
      "17": 7,
      "18": 8,
      "19": 8,
      "20": 8,
      "21": 8,
      "22": 6,
      "23": 6,
      "24": 1,
      "25": 5,
      "26": 1,
      "27": 1,
      "28": 4,
      "29": 3,
      "30": 3,
      "31": 3,
      "32": 1,
      "33": 1,
      "34": 2,
      "35": 2,
      "36": 1,
      "37": 1,
      "38": 1,
      "39": 1,
      "40": 8,
      "41": 2,
      "42": 10,
      "43": 1,
      "44": 1,
      "45": 9,
      "46": 10,
      "47": 2,
      "48": 7,
      "49": 9,
      "50": 9,
      "51": 9,
      "52": 9,
      "53": 7,
      "54": 7,
      "55": 1,
      "56": 6,
      "57": 1,
      "58": 1,
      "59": 5,
      "60": 10,
      "61": 10,
      "62": 2,
      "63": 2,
      "64": 1,
      "65": 1,
      "66": 1,
      "67": 1
    },
    "f": {
      "0": 10,
      "1": 10,
      "2": 2,
      "3": 3,
      "4": 5,
      "5": 2,
      "6": 11,
      "7": 8,
      "8": 8,
      "9": 2,
      "10": 10
    },
    "b": {
      "0": [1, 7],
      "1": [1, 5],
      "2": [1, 4],
      "3": [3, 1],
      "4": [1, 2],
      "5": [1, 1],
      "6": [1, 9],
      "7": [2, 7],
      "8": [1, 6],
      "9": [1, 5],
      "10": [5, 1],
      "11": [1, 1]
    },
    "meta": {
      "lastBranch": 12,
      "lastFunction": 11,
      "lastStatement": 68,
      "seen": {
        "f:32:2:32:14": 0,
        "s:33:4:33:Infinity": 0,
        "s:35:4:38:Infinity": 1,
        "s:40:4:40:Infinity": 2,
        "f:43:2:43:11": 1,
        "s:44:4:44:Infinity": 3,
        "s:45:4:45:Infinity": 4,
        "s:46:4:46:Infinity": 5,
        "f:49:2:49:10": 2,
        "s:50:4:50:Infinity": 6,
        "s:51:4:51:Infinity": 7,
        "s:52:4:52:Infinity": 8,
        "f:55:2:55:14": 3,
        "s:56:4:56:Infinity": 9,
        "f:59:2:59:13": 4,
        "s:60:4:60:Infinity": 10,
        "f:63:2:63:13": 5,
        "s:64:15:64:Infinity": 11,
        "s:66:4:66:Infinity": 12,
        "f:66:28:66:35": 6,
        "s:66:43:66:52": 13,
        "f:69:8:69:Infinity": 7,
        "s:74:4:74:Infinity": 14,
        "b:76:4:80:Infinity:78:11:80:Infinity": 0,
        "s:76:4:80:Infinity": 15,
        "s:77:6:77:Infinity": 16,
        "s:79:6:79:Infinity": 17,
        "s:82:20:82:Infinity": 18,
        "s:84:4:84:Infinity": 19,
        "s:86:4:122:Infinity": 20,
        "s:87:18:87:Infinity": 21,
        "s:89:6:89:Infinity": 22,
        "b:91:6:91:Infinity:undefined:undefined:undefined:undefined": 1,
        "s:91:6:91:Infinity": 23,
        "s:91:33:91:Infinity": 24,
        "b:93:6:97:Infinity:undefined:undefined:undefined:undefined": 2,
        "s:93:6:97:Infinity": 25,
        "s:94:8:94:Infinity": 26,
        "s:96:8:96:Infinity": 27,
        "b:99:6:107:Infinity:undefined:undefined:undefined:undefined": 3,
        "s:99:6:107:Infinity": 28,
        "s:100:22:102:Infinity": 29,
        "b:101:12:101:Infinity:102:13:102:Infinity": 4,
        "s:104:8:104:Infinity": 30,
        "s:106:8:106:Infinity": 31,
        "s:109:6:109:Infinity": 32,
        "s:111:6:111:Infinity": 33,
        "s:113:6:113:Infinity": 34,
        "b:115:6:115:Infinity:undefined:undefined:undefined:undefined": 5,
        "s:115:6:115:Infinity": 35,
        "s:115:28:115:Infinity": 36,
        "s:117:18:117:Infinity": 37,
        "s:119:6:119:Infinity": 38,
        "s:121:6:121:Infinity": 39,
        "f:125:8:125:Infinity": 8,
        "s:128:4:128:Infinity": 40,
        "f:131:8:131:Infinity": 9,
        "s:134:4:134:Infinity": 41,
        "f:137:16:137:Infinity": 10,
        "b:141:4:147:Infinity:undefined:undefined:undefined:undefined": 6,
        "s:141:4:147:Infinity": 42,
        "s:142:6:144:Infinity": 43,
        "s:146:6:146:Infinity": 44,
        "s:149:4:149:Infinity": 45,
        "b:151:4:155:Infinity:153:11:155:Infinity": 7,
        "s:151:4:155:Infinity": 46,
        "s:152:6:152:Infinity": 47,
        "s:154:6:154:Infinity": 48,
        "s:157:20:157:Infinity": 49,
        "s:159:4:159:Infinity": 50,
        "s:161:4:189:Infinity": 51,
        "s:162:18:162:Infinity": 52,
        "s:164:6:164:Infinity": 53,
        "b:166:6:166:Infinity:undefined:undefined:undefined:undefined": 8,
        "s:166:6:166:Infinity": 54,
        "s:166:33:166:Infinity": 55,
        "b:168:6:172:Infinity:undefined:undefined:undefined:undefined": 9,
        "s:168:6:172:Infinity": 56,
        "s:169:8:169:Infinity": 57,
        "s:171:8:171:Infinity": 58,
        "s:174:21:174:Infinity": 59,
        "b:174:21:174:33:174:33:174:Infinity": 10,
        "s:176:6:176:Infinity": 60,
        "s:178:6:178:Infinity": 61,
        "s:180:6:180:Infinity": 62,
        "b:182:6:182:Infinity:undefined:undefined:undefined:undefined": 11,
        "s:182:6:182:Infinity": 63,
        "s:182:28:182:Infinity": 64,
        "s:184:18:184:Infinity": 65,
        "s:186:6:186:Infinity": 66,
        "s:188:6:188:Infinity": 67
      },
      "fnNames": {}
    }
  },
  "/Users/epifanovmd/dev/react-vite/src/shared/lib/holders/collection/use-collection-context.ts": {
    "path": "/Users/epifanovmd/dev/react-vite/src/shared/lib/holders/collection/use-collection-context.ts",
    "statementMap": {
      "0": {
        "start": { "line": 7, "column": 29 },
        "end": { "line": 11, "column": null }
      },
      "1": {
        "start": { "line": 13, "column": 13 },
        "end": { "line": 18, "column": null }
      },
      "2": {
        "start": { "line": 18, "column": 2 },
        "end": { "line": 18, "column": null }
      }
    },
    "fnMap": {
      "0": {
        "name": "(anonymous_0)",
        "decl": {
          "start": { "line": 13, "column": 13 },
          "end": { "line": 13, "column": null }
        },
        "loc": {
          "start": { "line": 18, "column": 2 },
          "end": { "line": 18, "column": null }
        },
        "line": 18
      }
    },
    "branchMap": {},
    "s": { "0": 1, "1": 1, "2": 2 },
    "f": { "0": 2 },
    "b": {},
    "meta": {
      "lastBranch": 0,
      "lastFunction": 1,
      "lastStatement": 3,
      "seen": {
        "s:7:29:11:Infinity": 0,
        "s:13:13:18:Infinity": 1,
        "f:13:13:13:Infinity": 0,
        "s:18:2:18:Infinity": 2
      },
      "fnNames": {}
    }
  },
  "/Users/epifanovmd/dev/react-vite/src/shared/lib/holders/collection/use-collection-holder.ts": {
    "path": "/Users/epifanovmd/dev/react-vite/src/shared/lib/holders/collection/use-collection-holder.ts",
    "statementMap": {
      "0": {
        "start": { "line": 57, "column": 13 },
        "end": { "line": 128, "column": null }
      },
      "1": {
        "start": { "line": 64, "column": 17 },
        "end": { "line": 72, "column": null }
      },
      "2": {
        "start": { "line": 65, "column": 21 },
        "end": { "line": 65, "column": null }
      },
      "3": {
        "start": { "line": 68, "column": 4 },
        "end": { "line": 71, "column": null }
      },
      "4": {
        "start": { "line": 74, "column": 2 },
        "end": { "line": 77, "column": null }
      },
      "5": {
        "start": { "line": 79, "column": 2 },
        "end": { "line": 127, "column": null }
      },
      "6": {
        "start": { "line": 81, "column": 6 },
        "end": { "line": 81, "column": null }
      },
      "7": {
        "start": { "line": 84, "column": 6 },
        "end": { "line": 84, "column": null }
      },
      "8": {
        "start": { "line": 87, "column": 6 },
        "end": { "line": 87, "column": null }
      },
      "9": {
        "start": { "line": 90, "column": 6 },
        "end": { "line": 90, "column": null }
      },
      "10": {
        "start": { "line": 93, "column": 6 },
        "end": { "line": 93, "column": null }
      },
      "11": {
        "start": { "line": 96, "column": 6 },
        "end": { "line": 96, "column": null }
      },
      "12": {
        "start": { "line": 99, "column": 6 },
        "end": { "line": 99, "column": null }
      },
      "13": {
        "start": { "line": 102, "column": 6 },
        "end": { "line": 102, "column": null }
      },
      "14": {
        "start": { "line": 105, "column": 6 },
        "end": { "line": 105, "column": null }
      },
      "15": {
        "start": { "line": 108, "column": 6 },
        "end": { "line": 108, "column": null }
      },
      "16": {
        "start": { "line": 130, "column": 35 },
        "end": { "line": 130, "column": null }
      }
    },
    "fnMap": {
      "0": {
        "name": "(anonymous_0)",
        "decl": {
          "start": { "line": 57, "column": 13 },
          "end": { "line": 57, "column": null }
        },
        "loc": {
          "start": { "line": 63, "column": 48 },
          "end": { "line": 128, "column": null }
        },
        "line": 63
      },
      "1": {
        "name": "(anonymous_1)",
        "decl": {
          "start": { "line": 64, "column": 17 },
          "end": { "line": 64, "column": 36 }
        },
        "loc": {
          "start": { "line": 64, "column": 36 },
          "end": { "line": 72, "column": 3 }
        },
        "line": 64
      },
      "2": {
        "name": "items",
        "decl": {
          "start": { "line": 80, "column": 8 },
          "end": { "line": 80, "column": 16 }
        },
        "loc": {
          "start": { "line": 80, "column": 16 },
          "end": { "line": 82, "column": null }
        },
        "line": 80
      },
      "3": {
        "name": "count",
        "decl": {
          "start": { "line": 83, "column": 8 },
          "end": { "line": 83, "column": 16 }
        },
        "loc": {
          "start": { "line": 83, "column": 16 },
          "end": { "line": 85, "column": null }
        },
        "line": 83
      },
      "4": {
        "name": "isLoading",
        "decl": {
          "start": { "line": 86, "column": 8 },
          "end": { "line": 86, "column": 20 }
        },
        "loc": {
          "start": { "line": 86, "column": 20 },
          "end": { "line": 88, "column": null }
        },
        "line": 86
      },
      "5": {
        "name": "isRefreshing",
        "decl": {
          "start": { "line": 89, "column": 8 },
          "end": { "line": 89, "column": 23 }
        },
        "loc": {
          "start": { "line": 89, "column": 23 },
          "end": { "line": 91, "column": null }
        },
        "line": 89
      },
      "6": {
        "name": "isBusy",
        "decl": {
          "start": { "line": 92, "column": 8 },
          "end": { "line": 92, "column": 17 }
        },
        "loc": {
          "start": { "line": 92, "column": 17 },
          "end": { "line": 94, "column": null }
        },
        "line": 92
      },
      "7": {
        "name": "isSuccess",
        "decl": {
          "start": { "line": 95, "column": 8 },
          "end": { "line": 95, "column": 20 }
        },
        "loc": {
          "start": { "line": 95, "column": 20 },
          "end": { "line": 97, "column": null }
        },
        "line": 95
      },
      "8": {
        "name": "isError",
        "decl": {
          "start": { "line": 98, "column": 8 },
          "end": { "line": 98, "column": 18 }
        },
        "loc": {
          "start": { "line": 98, "column": 18 },
          "end": { "line": 100, "column": null }
        },
        "line": 98
      },
      "9": {
        "name": "isIdle",
        "decl": {
          "start": { "line": 101, "column": 8 },
          "end": { "line": 101, "column": 17 }
        },
        "loc": {
          "start": { "line": 101, "column": 17 },
          "end": { "line": 103, "column": null }
        },
        "line": 101
      },
      "10": {
        "name": "isEmpty",
        "decl": {
          "start": { "line": 104, "column": 8 },
          "end": { "line": 104, "column": 18 }
        },
        "loc": {
          "start": { "line": 104, "column": 18 },
          "end": { "line": 106, "column": null }
        },
        "line": 104
      },
      "11": {
        "name": "error",
        "decl": {
          "start": { "line": 107, "column": 8 },
          "end": { "line": 107, "column": 16 }
        },
        "loc": {
          "start": { "line": 107, "column": 16 },
          "end": { "line": 109, "column": null }
        },
        "line": 107
      }
    },
    "branchMap": {
      "0": {
        "loc": {
          "start": { "line": 65, "column": 21 },
          "end": { "line": 65, "column": null }
        },
        "type": "binary-expr",
        "locations": [
          {
            "start": { "line": 65, "column": 21 },
            "end": { "line": 65, "column": 41 }
          },
          {
            "start": { "line": 65, "column": 41 },
            "end": { "line": 65, "column": null }
          }
        ],
        "line": 65
      }
    },
    "s": {
      "0": 2,
      "1": 3,
      "2": 3,
      "3": 3,
      "4": 3,
      "5": 3,
      "6": 1,
      "7": 2,
      "8": 1,
      "9": 1,
      "10": 1,
      "11": 2,
      "12": 1,
      "13": 2,
      "14": 1,
      "15": 1,
      "16": 2
    },
    "f": {
      "0": 3,
      "1": 3,
      "2": 1,
      "3": 2,
      "4": 1,
      "5": 1,
      "6": 1,
      "7": 2,
      "8": 1,
      "9": 2,
      "10": 1,
      "11": 1
    },
    "b": { "0": [3, 2] },
    "meta": {
      "lastBranch": 1,
      "lastFunction": 12,
      "lastStatement": 17,
      "seen": {
        "s:57:13:128:Infinity": 0,
        "f:57:13:57:Infinity": 0,
        "s:64:17:72:Infinity": 1,
        "f:64:17:64:36": 1,
        "s:65:21:65:Infinity": 2,
        "b:65:21:65:41:65:41:65:Infinity": 0,
        "s:68:4:71:Infinity": 3,
        "s:74:2:77:Infinity": 4,
        "s:79:2:127:Infinity": 5,
        "f:80:8:80:16": 2,
        "s:81:6:81:Infinity": 6,
        "f:83:8:83:16": 3,
        "s:84:6:84:Infinity": 7,
        "f:86:8:86:20": 4,
        "s:87:6:87:Infinity": 8,
        "f:89:8:89:23": 5,
        "s:90:6:90:Infinity": 9,
        "f:92:8:92:17": 6,
        "s:93:6:93:Infinity": 10,
        "f:95:8:95:20": 7,
        "s:96:6:96:Infinity": 11,
        "f:98:8:98:18": 8,
        "s:99:6:99:Infinity": 12,
        "f:101:8:101:17": 9,
        "s:102:6:102:Infinity": 13,
        "f:104:8:104:18": 10,
        "s:105:6:105:Infinity": 14,
        "f:107:8:107:16": 11,
        "s:108:6:108:Infinity": 15,
        "s:130:35:130:Infinity": 16
      },
      "fnNames": {}
    }
  },
  "/Users/epifanovmd/dev/react-vite/src/shared/lib/holders/cursor/cached-cursor-holder.ts": {
    "path": "/Users/epifanovmd/dev/react-vite/src/shared/lib/holders/cursor/cached-cursor-holder.ts",
    "statementMap": {
      "0": {
        "start": { "line": 18, "column": 39 },
        "end": { "line": 18, "column": null }
      },
      "1": {
        "start": { "line": 24, "column": 4 },
        "end": { "line": 24, "column": null }
      },
      "2": {
        "start": { "line": 25, "column": 4 },
        "end": { "line": 25, "column": null }
      },
      "3": {
        "start": { "line": 26, "column": 4 },
        "end": { "line": 26, "column": null }
      },
      "4": {
        "start": { "line": 27, "column": 4 },
        "end": { "line": 27, "column": null }
      },
      "5": {
        "start": { "line": 29, "column": 4 },
        "end": { "line": 34, "column": null }
      },
      "6": {
        "start": { "line": 38, "column": 4 },
        "end": { "line": 38, "column": null }
      },
      "7": {
        "start": { "line": 42, "column": 4 },
        "end": { "line": 42, "column": null }
      },
      "8": {
        "start": { "line": 46, "column": 4 },
        "end": { "line": 49, "column": null }
      },
      "9": {
        "start": { "line": 47, "column": 6 },
        "end": { "line": 47, "column": null }
      },
      "10": {
        "start": { "line": 48, "column": 6 },
        "end": { "line": 48, "column": null }
      },
      "11": {
        "start": { "line": 50, "column": 4 },
        "end": { "line": 50, "column": null }
      },
      "12": {
        "start": { "line": 54, "column": 4 },
        "end": { "line": 54, "column": null }
      },
      "13": {
        "start": { "line": 58, "column": 4 },
        "end": { "line": 58, "column": null }
      },
      "14": {
        "start": { "line": 62, "column": 4 },
        "end": { "line": 62, "column": null }
      },
      "15": {
        "start": { "line": 63, "column": 4 },
        "end": { "line": 63, "column": null }
      },
      "16": {
        "start": { "line": 67, "column": 4 },
        "end": { "line": 67, "column": null }
      },
      "17": {
        "start": { "line": 67, "column": 41 },
        "end": { "line": 67, "column": null }
      },
      "18": {
        "start": { "line": 69, "column": 4 },
        "end": { "line": 69, "column": null }
      },
      "19": {
        "start": { "line": 73, "column": 19 },
        "end": { "line": 73, "column": null }
      },
      "20": {
        "start": { "line": 75, "column": 4 },
        "end": { "line": 75, "column": null }
      },
      "21": {
        "start": { "line": 75, "column": 17 },
        "end": { "line": 75, "column": null }
      },
      "22": {
        "start": { "line": 77, "column": 4 },
        "end": { "line": 77, "column": null }
      },
      "23": {
        "start": { "line": 77, "column": 34 },
        "end": { "line": 77, "column": 65 }
      },
      "24": {
        "start": { "line": 84, "column": 19 },
        "end": { "line": 84, "column": null }
      },
      "25": {
        "start": { "line": 86, "column": 4 },
        "end": { "line": 86, "column": null }
      },
      "26": {
        "start": { "line": 86, "column": 46 },
        "end": { "line": 86, "column": null }
      },
      "27": {
        "start": { "line": 88, "column": 4 },
        "end": { "line": 97, "column": null }
      },
      "28": {
        "start": { "line": 89, "column": 18 },
        "end": { "line": 89, "column": null }
      },
      "29": {
        "start": { "line": 90, "column": 20 },
        "end": { "line": 90, "column": null }
      },
      "30": {
        "start": { "line": 92, "column": 6 },
        "end": { "line": 96, "column": null }
      },
      "31": {
        "start": { "line": 99, "column": 4 },
        "end": { "line": 99, "column": null }
      },
      "32": {
        "start": { "line": 106, "column": 19 },
        "end": { "line": 106, "column": null }
      },
      "33": {
        "start": { "line": 108, "column": 4 },
        "end": { "line": 108, "column": null }
      },
      "34": {
        "start": { "line": 108, "column": 17 },
        "end": { "line": 108, "column": null }
      },
      "35": {
        "start": { "line": 110, "column": 16 },
        "end": { "line": 110, "column": null }
      },
      "36": {
        "start": { "line": 110, "column": 44 },
        "end": { "line": 110, "column": 75 }
      },
      "37": {
        "start": { "line": 112, "column": 4 },
        "end": { "line": 112, "column": null }
      },
      "38": {
        "start": { "line": 112, "column": 20 },
        "end": { "line": 112, "column": null }
      },
      "39": {
        "start": { "line": 114, "column": 17 },
        "end": { "line": 114, "column": null }
      },
      "40": {
        "start": { "line": 115, "column": 18 },
        "end": { "line": 115, "column": null }
      },
      "41": {
        "start": { "line": 116, "column": 16 },
        "end": { "line": 116, "column": null }
      },
      "42": {
        "start": { "line": 117, "column": 18 },
        "end": { "line": 117, "column": null }
      },
      "43": {
        "start": { "line": 119, "column": 4 },
        "end": { "line": 123, "column": null }
      },
      "44": {
        "start": { "line": 127, "column": 19 },
        "end": { "line": 127, "column": null }
      },
      "45": {
        "start": { "line": 129, "column": 4 },
        "end": { "line": 129, "column": null }
      },
      "46": {
        "start": { "line": 129, "column": 17 },
        "end": { "line": 129, "column": null }
      },
      "47": {
        "start": { "line": 131, "column": 16 },
        "end": { "line": 131, "column": null }
      },
      "48": {
        "start": { "line": 131, "column": 44 },
        "end": { "line": 131, "column": 77 }
      },
      "49": {
        "start": { "line": 133, "column": 4 },
        "end": { "line": 133, "column": null }
      },
      "50": {
        "start": { "line": 133, "column": 54 },
        "end": { "line": 133, "column": null }
      },
      "51": {
        "start": { "line": 135, "column": 18 },
        "end": { "line": 135, "column": null }
      },
      "52": {
        "start": { "line": 137, "column": 4 },
        "end": { "line": 137, "column": null }
      },
      "53": {
        "start": { "line": 141, "column": 19 },
        "end": { "line": 141, "column": null }
      },
      "54": {
        "start": { "line": 143, "column": 4 },
        "end": { "line": 143, "column": null }
      },
      "55": {
        "start": { "line": 143, "column": 17 },
        "end": { "line": 143, "column": null }
      },
      "56": {
        "start": { "line": 145, "column": 16 },
        "end": { "line": 145, "column": null }
      },
      "57": {
        "start": { "line": 145, "column": 44 },
        "end": { "line": 145, "column": 77 }
      },
      "58": {
        "start": { "line": 147, "column": 4 },
        "end": { "line": 147, "column": null }
      },
      "59": {
        "start": { "line": 147, "column": 18 },
        "end": { "line": 147, "column": null }
      },
      "60": {
        "start": { "line": 149, "column": 18 },
        "end": { "line": 149, "column": null }
      },
      "61": {
        "start": { "line": 150, "column": 18 },
        "end": { "line": 150, "column": null }
      },
      "62": {
        "start": { "line": 152, "column": 4 },
        "end": { "line": 152, "column": null }
      },
      "63": {
        "start": { "line": 160, "column": 4 },
        "end": { "line": 160, "column": null }
      },
      "64": {
        "start": { "line": 161, "column": 4 },
        "end": { "line": 161, "column": null }
      },
      "65": {
        "start": { "line": 165, "column": 4 },
        "end": { "line": 165, "column": null }
      },
      "66": {
        "start": { "line": 166, "column": 4 },
        "end": { "line": 166, "column": null }
      },
      "67": {
        "start": { "line": 170, "column": 4 },
        "end": { "line": 170, "column": null }
      },
      "68": {
        "start": { "line": 171, "column": 4 },
        "end": { "line": 171, "column": null }
      },
      "69": {
        "start": { "line": 175, "column": 4 },
        "end": { "line": 175, "column": null }
      },
      "70": {
        "start": { "line": 176, "column": 4 },
        "end": { "line": 176, "column": null }
      },
      "71": {
        "start": { "line": 182, "column": 4 },
        "end": { "line": 182, "column": null }
      },
      "72": {
        "start": { "line": 183, "column": 4 },
        "end": { "line": 183, "column": null }
      },
      "73": {
        "start": { "line": 187, "column": 17 },
        "end": { "line": 187, "column": null }
      },
      "74": {
        "start": { "line": 189, "column": 4 },
        "end": { "line": 189, "column": null }
      },
      "75": {
        "start": { "line": 189, "column": 27 },
        "end": { "line": 189, "column": null }
      },
      "76": {
        "start": { "line": 191, "column": 4 },
        "end": { "line": 191, "column": null }
      },
      "77": {
        "start": { "line": 195, "column": 4 },
        "end": { "line": 195, "column": null }
      },
      "78": {
        "start": { "line": 195, "column": 41 },
        "end": { "line": 195, "column": null }
      },
      "79": {
        "start": { "line": 197, "column": 4 },
        "end": { "line": 201, "column": null }
      },
      "80": {
        "start": { "line": 197, "column": 55 },
        "end": { "line": 201, "column": 6 }
      },
      "81": {
        "start": { "line": 205, "column": 4 },
        "end": { "line": 205, "column": null }
      },
      "82": {
        "start": { "line": 205, "column": 41 },
        "end": { "line": 205, "column": null }
      },
      "83": {
        "start": { "line": 207, "column": 4 },
        "end": { "line": 211, "column": null }
      }
    },
    "fnMap": {
      "0": {
        "name": "constructor",
        "decl": {
          "start": { "line": 20, "column": 2 },
          "end": { "line": 20, "column": null }
        },
        "loc": {
          "start": { "line": 23, "column": 4 },
          "end": { "line": 35, "column": null }
        },
        "line": 23
      },
      "1": {
        "name": "isCacheEnabled",
        "decl": {
          "start": { "line": 37, "column": 6 },
          "end": { "line": 37, "column": 32 }
        },
        "loc": {
          "start": { "line": 37, "column": 32 },
          "end": { "line": 39, "column": null }
        },
        "line": 37
      },
      "2": {
        "name": "bind",
        "decl": {
          "start": { "line": 41, "column": 2 },
          "end": { "line": 41, "column": 7 }
        },
        "loc": {
          "start": { "line": 41, "column": 26 },
          "end": { "line": 43, "column": null }
        },
        "line": 41
      },
      "3": {
        "name": "unbind",
        "decl": {
          "start": { "line": 45, "column": 2 },
          "end": { "line": 45, "column": 17 }
        },
        "loc": {
          "start": { "line": 45, "column": 17 },
          "end": { "line": 51, "column": null }
        },
        "line": 45
      },
      "4": {
        "name": "persistNow",
        "decl": {
          "start": { "line": 53, "column": 2 },
          "end": { "line": 53, "column": 21 }
        },
        "loc": {
          "start": { "line": 53, "column": 21 },
          "end": { "line": 55, "column": null }
        },
        "line": 53
      },
      "5": {
        "name": "markHasNewer",
        "decl": {
          "start": { "line": 57, "column": 2 },
          "end": { "line": 57, "column": 23 }
        },
        "loc": {
          "start": { "line": 57, "column": 23 },
          "end": { "line": 59, "column": null }
        },
        "line": 57
      },
      "6": {
        "name": "replaceAllItems",
        "decl": {
          "start": { "line": 61, "column": 2 },
          "end": { "line": 61, "column": 18 }
        },
        "loc": {
          "start": { "line": 61, "column": 40 },
          "end": { "line": 64, "column": null }
        },
        "line": 61
      },
      "7": {
        "name": "_readCache",
        "decl": {
          "start": { "line": 66, "column": 2 },
          "end": { "line": 66, "column": 12 }
        },
        "loc": {
          "start": { "line": 66, "column": 52 },
          "end": { "line": 70, "column": null }
        },
        "line": 66
      },
      "8": {
        "name": "existsInCache",
        "decl": {
          "start": { "line": 72, "column": 2 },
          "end": { "line": 72, "column": 16 }
        },
        "loc": {
          "start": { "line": 72, "column": 41 },
          "end": { "line": 78, "column": null }
        },
        "line": 72
      },
      "9": {
        "name": "(anonymous_9)",
        "decl": {
          "start": { "line": 77, "column": 24 },
          "end": { "line": 77, "column": 29 }
        },
        "loc": {
          "start": { "line": 77, "column": 34 },
          "end": { "line": 77, "column": 65 }
        },
        "line": 77
      },
      "10": {
        "name": "_readWindow",
        "decl": {
          "start": { "line": 80, "column": 2 },
          "end": { "line": 80, "column": 12 }
        },
        "loc": {
          "start": { "line": 83, "column": 68 },
          "end": { "line": 100, "column": null }
        },
        "line": 83
      },
      "11": {
        "name": "_readWindowAround",
        "decl": {
          "start": { "line": 102, "column": 2 },
          "end": { "line": 102, "column": 12 }
        },
        "loc": {
          "start": { "line": 105, "column": 68 },
          "end": { "line": 124, "column": null }
        },
        "line": 105
      },
      "12": {
        "name": "(anonymous_12)",
        "decl": {
          "start": { "line": 110, "column": 29 },
          "end": { "line": 110, "column": 39 }
        },
        "loc": {
          "start": { "line": 110, "column": 44 },
          "end": { "line": 110, "column": 75 }
        },
        "line": 110
      },
      "13": {
        "name": "_readOlderWindow",
        "decl": {
          "start": { "line": 126, "column": 2 },
          "end": { "line": 126, "column": 12 }
        },
        "loc": {
          "start": { "line": 126, "column": 77 },
          "end": { "line": 138, "column": null }
        },
        "line": 126
      },
      "14": {
        "name": "(anonymous_14)",
        "decl": {
          "start": { "line": 131, "column": 29 },
          "end": { "line": 131, "column": 39 }
        },
        "loc": {
          "start": { "line": 131, "column": 44 },
          "end": { "line": 131, "column": 77 }
        },
        "line": 131
      },
      "15": {
        "name": "_readNewerWindow",
        "decl": {
[...]
        "line": 39
      },
      "2": {
        "name": "(anonymous_2)",
        "decl": {
          "start": { "line": 53, "column": 10 },
          "end": { "line": 53, "column": null }
        },
        "loc": {
          "start": { "line": 54, "column": 6 },
          "end": { "line": 54, "column": null }
        },
        "line": 54
      },
      "3": {
        "name": "(anonymous_3)",
        "decl": {
          "start": { "line": 56, "column": 10 },
          "end": { "line": 56, "column": 27 }
        },
        "loc": {
          "start": { "line": 56, "column": 27 },
          "end": { "line": 63, "column": null }
        },
        "line": 56
      },
      "4": {
        "name": "(anonymous_4)",
        "decl": {
          "start": { "line": 58, "column": 35 },
          "end": { "line": 58, "column": 47 }
        },
        "loc": {
          "start": { "line": 58, "column": 47 },
          "end": { "line": 62, "column": 9 }
        },
        "line": 58
      },
      "5": {
        "name": "(anonymous_5)",
        "decl": {
          "start": { "line": 66, "column": 48 },
          "end": { "line": 66, "column": 59 }
        },
        "loc": {
          "start": { "line": 66, "column": 59 },
          "end": { "line": 68, "column": 7 }
        },
        "line": 66
      },
      "6": {
        "name": "stopPolling",
        "decl": {
          "start": { "line": 74, "column": 2 },
          "end": { "line": 74, "column": 22 }
        },
        "loc": {
          "start": { "line": 74, "column": 22 },
          "end": { "line": 81, "column": null }
        },
        "line": 74
      },
      "7": {
        "name": "reset",
        "decl": {
          "start": { "line": 83, "column": 2 },
          "end": { "line": 83, "column": 11 }
        },
        "loc": {
          "start": { "line": 83, "column": 25 },
          "end": { "line": 86, "column": null }
        },
        "line": 83
      }
    },
    "branchMap": {
      "0": {
        "loc": {
          "start": { "line": 30, "column": 28 },
          "end": { "line": 30, "column": null }
        },
        "type": "binary-expr",
        "locations": [
          {
            "start": { "line": 30, "column": 28 },
            "end": { "line": 30, "column": 49 }
          },
          {
            "start": { "line": 30, "column": 49 },
            "end": { "line": 30, "column": null }
          }
        ],
        "line": 30
      },
      "1": {
        "loc": {
          "start": { "line": 45, "column": 21 },
          "end": { "line": 45, "column": null }
        },
        "type": "binary-expr",
        "locations": [
          {
            "start": { "line": 45, "column": 21 },
            "end": { "line": 45, "column": 47 }
          },
          {
            "start": { "line": 45, "column": 47 },
            "end": { "line": 45, "column": null }
          }
        ],
        "line": 45
      },
      "2": {
        "loc": {
          "start": { "line": 54, "column": 6 },
          "end": { "line": 54, "column": null }
        },
        "type": "binary-expr",
        "locations": [
          {
            "start": { "line": 54, "column": 6 },
            "end": { "line": 54, "column": 24 }
          },
          {
            "start": { "line": 54, "column": 24 },
            "end": { "line": 54, "column": null }
          }
        ],
        "line": 54
      },
      "3": {
        "loc": {
          "start": { "line": 57, "column": 6 },
          "end": { "line": 57, "column": null }
        },
        "type": "if",
        "locations": [
          {
            "start": { "line": 57, "column": 6 },
            "end": { "line": 57, "column": null }
          },
          { "start": {}, "end": {} }
        ],
        "line": 57
      },
      "4": {
        "loc": {
          "start": { "line": 59, "column": 8 },
          "end": { "line": 59, "column": null }
        },
        "type": "if",
        "locations": [
          {
            "start": { "line": 59, "column": 8 },
            "end": { "line": 59, "column": null }
          },
          { "start": {}, "end": {} }
        ],
        "line": 59
      },
      "5": {
        "loc": {
          "start": { "line": 65, "column": 4 },
          "end": { "line": 71, "column": null }
        },
        "type": "if",
        "locations": [
          {
            "start": { "line": 65, "column": 4 },
            "end": { "line": 71, "column": null }
          },
          {
            "start": { "line": 69, "column": 11 },
            "end": { "line": 71, "column": null }
          }
        ],
        "line": 65
      },
      "6": {
        "loc": {
          "start": { "line": 67, "column": 8 },
          "end": { "line": 67, "column": null }
        },
        "type": "if",
        "locations": [
          {
            "start": { "line": 67, "column": 8 },
            "end": { "line": 67, "column": null }
          },
          { "start": {}, "end": {} }
        ],
        "line": 67
      },
      "7": {
        "loc": {
          "start": { "line": 75, "column": 4 },
          "end": { "line": 78, "column": null }
        },
        "type": "if",
        "locations": [
          {
            "start": { "line": 75, "column": 4 },
            "end": { "line": 78, "column": null }
          },
          { "start": {}, "end": {} }
        ],
        "line": 75
      }
    },
    "s": {
      "0": 10,
      "1": 10,
      "2": 10,
      "3": 10,
      "4": 10,
      "5": 10,
      "6": 9,
      "7": 9,
      "8": 9,
      "9": 9,
      "10": 9,
      "11": 9,
      "12": 9,
      "13": 21,
      "14": 9,
      "15": 12,
      "16": 1,
      "17": 11,
      "18": 5,
      "19": 1,
      "20": 4,
      "21": 4,
      "22": 9,
      "23": 4,
      "24": 4,
      "25": 3,
      "26": 5,
      "27": 19,
      "28": 8,
      "29": 8,
      "30": 19,
      "31": 19,
      "32": 2,
      "33": 2
    },
    "f": { "0": 10, "1": 9, "2": 21, "3": 12, "4": 5, "5": 4, "6": 19, "7": 2 },
    "b": {
      "0": [10, 6],
      "1": [9, 6],
      "2": [21, 18],
      "3": [1, 11],
      "4": [1, 4],
      "5": [4, 5],
      "6": [3, 1],
      "7": [8, 11]
    },
    "meta": {
      "lastBranch": 8,
      "lastFunction": 8,
      "lastStatement": 34,
      "seen": {
        "s:22:14:22:Infinity": 0,
        "s:24:61:24:Infinity": 1,
        "s:25:28:25:Infinity": 2,
        "f:28:2:28:14": 0,
        "s:29:4:29:Infinity": 3,
        "s:30:4:30:Infinity": 4,
        "b:30:28:30:49:30:49:30:Infinity": 0,
        "s:32:4:36:Infinity": 5,
        "f:39:2:39:15": 1,
        "s:40:4:40:Infinity": 6,
        "s:42:25:42:Infinity": 7,
        "s:44:17:44:Infinity": 8,
        "s:45:21:45:Infinity": 9,
        "b:45:21:45:47:45:47:45:Infinity": 1,
        "s:47:4:47:Infinity": 10,
        "s:49:23:49:Infinity": 11,
        "s:53:10:54:Infinity": 12,
        "f:53:10:53:Infinity": 2,
        "s:54:6:54:Infinity": 13,
        "b:54:6:54:24:54:24:54:Infinity": 2,
        "s:56:10:63:Infinity": 14,
        "f:56:10:56:27": 3,
        "b:57:6:57:Infinity:undefined:undefined:undefined:undefined": 3,
        "s:57:6:57:Infinity": 15,
        "s:57:24:57:Infinity": 16,
        "s:58:6:62:Infinity": 17,
        "f:58:35:58:47": 4,
        "b:59:8:59:Infinity:undefined:undefined:undefined:undefined": 4,
        "s:59:8:59:Infinity": 18,
        "s:59:26:59:Infinity": 19,
        "s:60:8:60:Infinity": 20,
        "s:61:8:61:Infinity": 21,
        "b:65:4:71:Infinity:69:11:71:Infinity": 5,
        "s:65:4:71:Infinity": 22,
        "s:66:6:68:Infinity": 23,
        "f:66:48:66:59": 5,
        "b:67:8:67:Infinity:undefined:undefined:undefined:undefined": 6,
        "s:67:8:67:Infinity": 24,
        "s:67:25:67:Infinity": 25,
        "s:70:6:70:Infinity": 26,
        "f:74:2:74:22": 6,
        "b:75:4:78:Infinity:undefined:undefined:undefined:undefined": 7,
        "s:75:4:78:Infinity": 27,
        "s:76:6:76:Infinity": 28,
        "s:77:6:77:Infinity": 29,
        "s:79:4:79:Infinity": 30,
        "s:80:4:80:Infinity": 31,
        "f:83:2:83:11": 7,
        "s:84:4:84:Infinity": 32,
        "s:85:4:85:Infinity": 33
      },
      "fnNames": {}
    }
  },
  "/Users/epifanovmd/dev/react-vite/src/shared/lib/holders/polling/use-polling-context.ts": {
    "path": "/Users/epifanovmd/dev/react-vite/src/shared/lib/holders/polling/use-polling-context.ts",
    "statementMap": {
      "0": {
        "start": { "line": 7, "column": 26 },
        "end": { "line": 9, "column": null }
      },
      "1": {
        "start": { "line": 11, "column": 13 },
        "end": { "line": 16, "column": null }
      },
      "2": {
        "start": { "line": 16, "column": 2 },
        "end": { "line": 16, "column": null }
      }
    },
    "fnMap": {
      "0": {
        "name": "(anonymous_0)",
        "decl": {
          "start": { "line": 11, "column": 13 },
          "end": { "line": 11, "column": null }
        },
        "loc": {
          "start": { "line": 16, "column": 2 },
          "end": { "line": 16, "column": null }
        },
        "line": 16
      }
    },
    "branchMap": {},
    "s": { "0": 1, "1": 1, "2": 2 },
    "f": { "0": 2 },
    "b": {},
    "meta": {
      "lastBranch": 0,
      "lastFunction": 1,
      "lastStatement": 3,
      "seen": {
        "s:7:26:9:Infinity": 0,
        "s:11:13:16:Infinity": 1,
        "f:11:13:11:Infinity": 0,
        "s:16:2:16:Infinity": 2
      },
      "fnNames": {}
    }
  },
  "/Users/epifanovmd/dev/react-vite/src/shared/lib/holders/polling/use-polling-holder.ts": {
    "path": "/Users/epifanovmd/dev/react-vite/src/shared/lib/holders/polling/use-polling-holder.ts",
    "statementMap": {
      "0": {
        "start": { "line": 49, "column": 13 },
        "end": { "line": 115, "column": null }
      },
      "1": {
        "start": { "line": 56, "column": 17 },
        "end": { "line": 65, "column": null }
      },
      "2": {
        "start": { "line": 57, "column": 21 },
        "end": { "line": 57, "column": null }
      },
      "3": {
        "start": { "line": 60, "column": 4 },
        "end": { "line": 64, "column": null }
      },
      "4": {
        "start": { "line": 67, "column": 2 },
        "end": { "line": 80, "column": null }
      },
      "5": {
        "start": { "line": 68, "column": 26 },
        "end": { "line": 68, "column": null }
      },
      "6": {
        "start": { "line": 70, "column": 4 },
        "end": { "line": 74, "column": null }
      },
      "7": {
        "start": { "line": 71, "column": 6 },
        "end": { "line": 71, "column": null }
      },
      "8": {
        "start": { "line": 72, "column": 11 },
        "end": { "line": 74, "column": null }
      },
      "9": {
        "start": { "line": 73, "column": 6 },
        "end": { "line": 73, "column": null }
      },
      "10": {
        "start": { "line": 76, "column": 4 },
        "end": { "line": 78, "column": null }
      },
      "11": {
        "start": { "line": 77, "column": 6 },
        "end": { "line": 77, "column": null }
      },
      "12": {
        "start": { "line": 82, "column": 2 },
        "end": { "line": 114, "column": null }
      },
      "13": {
        "start": { "line": 84, "column": 6 },
        "end": { "line": 84, "column": null }
      },
      "14": {
        "start": { "line": 87, "column": 6 },
        "end": { "line": 87, "column": null }
      },
      "15": {
        "start": { "line": 90, "column": 6 },
        "end": { "line": 90, "column": null }
      },
      "16": {
        "start": { "line": 93, "column": 6 },
        "end": { "line": 93, "column": null }
      },
      "17": {
        "start": { "line": 96, "column": 6 },
        "end": { "line": 96, "column": null }
      },
      "18": {
        "start": { "line": 99, "column": 6 },
        "end": { "line": 99, "column": null }
      },
      "19": {
        "start": { "line": 102, "column": 6 },
        "end": { "line": 102, "column": null }
      },
      "20": {
        "start": { "line": 105, "column": 33 },
        "end": { "line": 105, "column": null }
      },
      "21": {
        "start": { "line": 117, "column": 32 },
        "end": { "line": 117, "column": null }
      }
    },
    "fnMap": {
      "0": {
        "name": "(anonymous_0)",
        "decl": {
          "start": { "line": 49, "column": 13 },
          "end": { "line": 49, "column": null }
        },
        "loc": {
          "start": { "line": 55, "column": 45 },
          "end": { "line": 115, "column": null }
        },
        "line": 55
      },
      "1": {
        "name": "(anonymous_1)",
        "decl": {
          "start": { "line": 56, "column": 17 },
          "end": { "line": 56, "column": 36 }
        },
        "loc": {
          "start": { "line": 56, "column": 36 },
          "end": { "line": 65, "column": 3 }
        },
        "line": 56
      },
      "2": {
        "name": "(anonymous_2)",
        "decl": {
          "start": { "line": 67, "column": 2 },
          "end": { "line": 67, "column": 18 }
        },
        "loc": {
          "start": { "line": 67, "column": 18 },
          "end": { "line": 80, "column": 5 }
        },
        "line": 67
      },
      "3": {
        "name": "(anonymous_3)",
        "decl": {
          "start": { "line": 76, "column": 4 },
          "end": { "line": 76, "column": 17 }
        },
        "loc": {
          "start": { "line": 76, "column": 17 },
          "end": { "line": 78, "column": null }
        },
        "line": 76
      },
      "4": {
        "name": "data",
        "decl": {
          "start": { "line": 83, "column": 8 },
          "end": { "line": 83, "column": 15 }
        },
        "loc": {
          "start": { "line": 83, "column": 15 },
          "end": { "line": 85, "column": null }
        },
        "line": 83
      },
      "5": {
        "name": "isLoading",
        "decl": {
          "start": { "line": 86, "column": 8 },
          "end": { "line": 86, "column": 20 }
        },
        "loc": {
          "start": { "line": 86, "column": 20 },
          "end": { "line": 88, "column": null }
        },
        "line": 86
      },
      "6": {
        "name": "isBusy",
        "decl": {
          "start": { "line": 89, "column": 8 },
          "end": { "line": 89, "column": 17 }
        },
        "loc": {
          "start": { "line": 89, "column": 17 },
          "end": { "line": 91, "column": null }
        },
        "line": 89
      },
      "7": {
        "name": "isPolling",
        "decl": {
          "start": { "line": 92, "column": 8 },
          "end": { "line": 92, "column": 20 }
        },
        "loc": {
          "start": { "line": 92, "column": 20 },
          "end": { "line": 94, "column": null }
        },
        "line": 92
      },
      "8": {
        "name": "isSuccess",
        "decl": {
          "start": { "line": 95, "column": 8 },
          "end": { "line": 95, "column": 20 }
        },
        "loc": {
          "start": { "line": 95, "column": 20 },
          "end": { "line": 97, "column": null }
        },
        "line": 95
      },
      "9": {
        "name": "isError",
        "decl": {
          "start": { "line": 98, "column": 8 },
          "end": { "line": 98, "column": 18 }
        },
        "loc": {
          "start": { "line": 98, "column": 18 },
          "end": { "line": 100, "column": null }
        },
        "line": 98
      },
      "10": {
        "name": "error",
        "decl": {
          "start": { "line": 101, "column": 8 },
          "end": { "line": 101, "column": 16 }
        },
        "loc": {
          "start": { "line": 101, "column": 16 },
          "end": { "line": 103, "column": null }
        },
        "line": 101
      },
      "11": {
        "name": "(anonymous_11)",
        "decl": {
          "start": { "line": 105, "column": 4 },
          "end": { "line": 105, "column": 13 }
        },
        "loc": {
          "start": { "line": 105, "column": 33 },
          "end": { "line": 105, "column": null }
        },
        "line": 105
      }
    },
    "branchMap": {
      "0": {
        "loc": {
          "start": { "line": 57, "column": 21 },
          "end": { "line": 57, "column": null }
        },
        "type": "binary-expr",
        "locations": [
          {
            "start": { "line": 57, "column": 21 },
            "end": { "line": 57, "column": 41 }
          },
          {
            "start": { "line": 57, "column": 41 },
            "end": { "line": 57, "column": null }
          }
        ],
        "line": 57
      },
      "1": {
        "loc": {
          "start": { "line": 68, "column": 26 },
          "end": { "line": 68, "column": null }
        },
        "type": "binary-expr",
        "locations": [
          {
            "start": { "line": 68, "column": 26 },
            "end": { "line": 68, "column": 37 }
          },
          {
            "start": { "line": 68, "column": 37 },
            "end": { "line": 68, "column": null }
          }
        ],
        "line": 68
      },
      "2": {
        "loc": {
          "start": { "line": 70, "column": 4 },
          "end": { "line": 74, "column": null }
        },
        "type": "if",
        "locations": [
          {
            "start": { "line": 70, "column": 4 },
            "end": { "line": 74, "column": null }
          },
          {
            "start": { "line": 72, "column": 11 },
            "end": { "line": 74, "column": null }
          }
        ],
        "line": 70
      },
      "3": {
        "loc": {
          "start": { "line": 72, "column": 11 },
          "end": { "line": 74, "column": null }
        },
        "type": "if",
        "locations": [
          {
            "start": { "line": 72, "column": 11 },
            "end": { "line": 74, "column": null }
          },
          { "start": {}, "end": {} }
        ],
        "line": 72
      }
    },
    "s": {
      "0": 2,
      "1": 5,
      "2": 5,
      "3": 5,
      "4": 5,
      "5": 5,
      "6": 5,
      "7": 1,
      "8": 4,
      "9": 1,
      "10": 5,
      "11": 3,
      "12": 5,
      "13": 1,
      "14": 1,
      "15": 1,
      "16": 2,
      "17": 1,
      "18": 1,
      "19": 1,
      "20": 1,
      "21": 2
    },
    "f": {
      "0": 5,
      "1": 5,
      "2": 5,
      "3": 3,
      "4": 1,
      "5": 1,
      "6": 1,
      "7": 2,
      "8": 1,
      "9": 1,
      "10": 1,
      "11": 1
    },
    "b": { "0": [5, 3], "1": [5, 1], "2": [1, 4], "3": [1, 3] },
    "meta": {
      "lastBranch": 4,
      "lastFunction": 12,
      "lastStatement": 22,
      "seen": {
        "s:49:13:115:Infinity": 0,
        "f:49:13:49:Infinity": 0,
        "s:56:17:65:Infinity": 1,
        "f:56:17:56:36": 1,
        "s:57:21:57:Infinity": 2,
        "b:57:21:57:41:57:41:57:Infinity": 0,
        "s:60:4:64:Infinity": 3,
        "s:67:2:80:Infinity": 4,
        "f:67:2:67:18": 2,
        "s:68:26:68:Infinity": 5,
        "b:68:26:68:37:68:37:68:Infinity": 1,
        "b:70:4:74:Infinity:72:11:74:Infinity": 2,
        "s:70:4:74:Infinity": 6,
        "s:71:6:71:Infinity": 7,
        "b:72:11:74:Infinity:undefined:undefined:undefined:undefined": 3,
        "s:72:11:74:Infinity": 8,
        "s:73:6:73:Infinity": 9,
        "s:76:4:78:Infinity": 10,
        "f:76:4:76:17": 3,
        "s:77:6:77:Infinity": 11,
        "s:82:2:114:Infinity": 12,
        "f:83:8:83:15": 4,
        "s:84:6:84:Infinity": 13,
        "f:86:8:86:20": 5,
        "s:87:6:87:Infinity": 14,
        "f:89:8:89:17": 6,
        "s:90:6:90:Infinity": 15,
        "f:92:8:92:20": 7,
        "s:93:6:93:Infinity": 16,
        "f:95:8:95:20": 8,
        "s:96:6:96:Infinity": 17,
        "f:98:8:98:18": 9,
        "s:99:6:99:Infinity": 18,
        "f:101:8:101:16": 10,
        "s:102:6:102:Infinity": 19,
        "f:105:4:105:13": 11,
        "s:105:33:105:Infinity": 20,
        "s:117:32:117:Infinity": 21
      },
      "fnNames": {}
    }
  }
}
